<?xml version="1.0" encoding="UTF-8"?><testrun name="edu.towson.cis.cosc442.project4.coffeemaker" project="CoffeeMakerTest" tests="140" started="140" failures="0" errors="6" ignored="0">
  <testsuite name="edu.towson.cis.cosc442.project4.coffeemaker.RecipeTest" incomplete="true">
    <testcase name="testSetAmtMilk_1" classname="edu.towson.cis.cosc442.project4.coffeemaker.RecipeTest" incomplete="true"/>
    <testcase name="testSetAmtMilk_2" classname="edu.towson.cis.cosc442.project4.coffeemaker.RecipeTest" incomplete="true"/>
    <testcase name="testSetAmtCoffee_1" classname="edu.towson.cis.cosc442.project4.coffeemaker.RecipeTest" incomplete="true"/>
    <testcase name="testSetAmtCoffee_2" classname="edu.towson.cis.cosc442.project4.coffeemaker.RecipeTest" incomplete="true"/>
    <testcase name="testGetAmtCoffee_1" classname="edu.towson.cis.cosc442.project4.coffeemaker.RecipeTest" incomplete="true"/>
    <testcase name="testGetPrice_1" classname="edu.towson.cis.cosc442.project4.coffeemaker.RecipeTest" incomplete="true"/>
    <testcase name="testGetAmtSugar_1" classname="edu.towson.cis.cosc442.project4.coffeemaker.RecipeTest" incomplete="true"/>
    <testcase name="testGetAmtMilk_1" classname="edu.towson.cis.cosc442.project4.coffeemaker.RecipeTest" incomplete="true"/>
    <testcase name="testSetAmtChocolate_1" classname="edu.towson.cis.cosc442.project4.coffeemaker.RecipeTest" incomplete="true"/>
    <testcase name="testSetAmtChocolate_2" classname="edu.towson.cis.cosc442.project4.coffeemaker.RecipeTest" incomplete="true"/>
    <testcase name="testToString_1" classname="edu.towson.cis.cosc442.project4.coffeemaker.RecipeTest" incomplete="true"/>
    <testcase name="testSetName_1" classname="edu.towson.cis.cosc442.project4.coffeemaker.RecipeTest" incomplete="true"/>
    <testcase name="testSetAmtSugar_1" classname="edu.towson.cis.cosc442.project4.coffeemaker.RecipeTest" incomplete="true"/>
    <testcase name="testSetAmtSugar_2" classname="edu.towson.cis.cosc442.project4.coffeemaker.RecipeTest" incomplete="true"/>
    <testcase name="testEquals_1" classname="edu.towson.cis.cosc442.project4.coffeemaker.RecipeTest" incomplete="true"/>
    <testcase name="testEquals_2" classname="edu.towson.cis.cosc442.project4.coffeemaker.RecipeTest" incomplete="true"/>
    <testcase name="testEquals_3" classname="edu.towson.cis.cosc442.project4.coffeemaker.RecipeTest" incomplete="true"/>
    <testcase name="testGetName_1" classname="edu.towson.cis.cosc442.project4.coffeemaker.RecipeTest" incomplete="true"/>
    <testcase name="testGetAmtChocolate_1" classname="edu.towson.cis.cosc442.project4.coffeemaker.RecipeTest" incomplete="true"/>
    <testcase name="testSetPrice_1" classname="edu.towson.cis.cosc442.project4.coffeemaker.RecipeTest" incomplete="true"/>
    <testcase name="testSetPrice_2" classname="edu.towson.cis.cosc442.project4.coffeemaker.RecipeTest" incomplete="true"/>
  </testsuite>
  <testsuite name="edu.towson.cis.cosc442.project4.coffeemaker.CoffeeMakerAcceptanceTest" incomplete="true">
    <testcase name="testAddRecipe1" classname="edu.towson.cis.cosc442.project4.coffeemaker.CoffeeMakerAcceptanceTest" incomplete="true"/>
    <testcase name="testEditRecipe1" classname="edu.towson.cis.cosc442.project4.coffeemaker.CoffeeMakerAcceptanceTest" incomplete="true"/>
    <testcase name="testDeleteRecipe1" classname="edu.towson.cis.cosc442.project4.coffeemaker.CoffeeMakerAcceptanceTest" incomplete="true"/>
  </testsuite>
  <testsuite name="edu.towson.cis.cosc442.project4.coffeemaker.InventoryTest" incomplete="true">
    <testcase name="testGetChocolate_1" classname="edu.towson.cis.cosc442.project4.coffeemaker.InventoryTest" incomplete="true"/>
    <testcase name="testGetSugar_1" classname="edu.towson.cis.cosc442.project4.coffeemaker.InventoryTest" incomplete="true"/>
    <testcase name="testEnoughIngredients_1" classname="edu.towson.cis.cosc442.project4.coffeemaker.InventoryTest" incomplete="true"/>
    <testcase name="testEnoughIngredients_2" classname="edu.towson.cis.cosc442.project4.coffeemaker.InventoryTest" incomplete="true"/>
    <testcase name="testInventory_1" classname="edu.towson.cis.cosc442.project4.coffeemaker.InventoryTest" incomplete="true"/>
    <testcase name="testSetSugar_1" classname="edu.towson.cis.cosc442.project4.coffeemaker.InventoryTest" incomplete="true"/>
    <testcase name="testSetSugar_2" classname="edu.towson.cis.cosc442.project4.coffeemaker.InventoryTest" incomplete="true"/>
    <testcase name="testSetChocolate_1" classname="edu.towson.cis.cosc442.project4.coffeemaker.InventoryTest" incomplete="true"/>
    <testcase name="testSetChocolate_2" classname="edu.towson.cis.cosc442.project4.coffeemaker.InventoryTest" incomplete="true"/>
    <testcase name="testSetCoffee_1" classname="edu.towson.cis.cosc442.project4.coffeemaker.InventoryTest" incomplete="true"/>
    <testcase name="testSetCoffee_2" classname="edu.towson.cis.cosc442.project4.coffeemaker.InventoryTest" incomplete="true"/>
    <testcase name="testGetCoffee_1" classname="edu.towson.cis.cosc442.project4.coffeemaker.InventoryTest" incomplete="true"/>
    <testcase name="testToString_1" classname="edu.towson.cis.cosc442.project4.coffeemaker.InventoryTest" incomplete="true"/>
    <testcase name="testSetMilk_1" classname="edu.towson.cis.cosc442.project4.coffeemaker.InventoryTest" incomplete="true"/>
    <testcase name="testSetMilk_2" classname="edu.towson.cis.cosc442.project4.coffeemaker.InventoryTest" incomplete="true"/>
    <testcase name="testGetMilk_1" classname="edu.towson.cis.cosc442.project4.coffeemaker.InventoryTest" incomplete="true"/>
  </testsuite>
  <testsuite name="edu.towson.cis.cosc442.project4.coffeemaker.TestAll" time="0.003">
    <testsuite name="edu.towson.cis.cosc442.project4.coffeemaker.InventoryTest" time="0.001">
      <testcase name="testGetChocolate_1" classname="edu.towson.cis.cosc442.project4.coffeemaker.InventoryTest" time="0.0"/>
      <testcase name="testGetSugar_1" classname="edu.towson.cis.cosc442.project4.coffeemaker.InventoryTest" time="0.0"/>
      <testcase name="testEnoughIngredients_1" classname="edu.towson.cis.cosc442.project4.coffeemaker.InventoryTest" time="0.0"/>
      <testcase name="testEnoughIngredients_2" classname="edu.towson.cis.cosc442.project4.coffeemaker.InventoryTest" time="0.0"/>
      <testcase name="testInventory_1" classname="edu.towson.cis.cosc442.project4.coffeemaker.InventoryTest" time="0.0"/>
      <testcase name="testSetSugar_1" classname="edu.towson.cis.cosc442.project4.coffeemaker.InventoryTest" time="0.0"/>
      <testcase name="testSetSugar_2" classname="edu.towson.cis.cosc442.project4.coffeemaker.InventoryTest" time="0.0"/>
      <testcase name="testSetChocolate_1" classname="edu.towson.cis.cosc442.project4.coffeemaker.InventoryTest" time="0.001"/>
      <testcase name="testSetChocolate_2" classname="edu.towson.cis.cosc442.project4.coffeemaker.InventoryTest" time="0.0"/>
      <testcase name="testSetCoffee_1" classname="edu.towson.cis.cosc442.project4.coffeemaker.InventoryTest" time="0.0"/>
      <testcase name="testSetCoffee_2" classname="edu.towson.cis.cosc442.project4.coffeemaker.InventoryTest" time="0.0"/>
      <testcase name="testGetCoffee_1" classname="edu.towson.cis.cosc442.project4.coffeemaker.InventoryTest" time="0.0"/>
      <testcase name="testToString_1" classname="edu.towson.cis.cosc442.project4.coffeemaker.InventoryTest" time="0.0"/>
      <testcase name="testSetMilk_1" classname="edu.towson.cis.cosc442.project4.coffeemaker.InventoryTest" time="0.0"/>
      <testcase name="testSetMilk_2" classname="edu.towson.cis.cosc442.project4.coffeemaker.InventoryTest" time="0.0"/>
      <testcase name="testGetMilk_1" classname="edu.towson.cis.cosc442.project4.coffeemaker.InventoryTest" time="0.0"/>
    </testsuite>
    <testsuite name="edu.towson.cis.cosc442.project4.coffeemaker.CoffeeMakerTest" incomplete="true">
      <testcase name="testEditRecipe_1" classname="edu.towson.cis.cosc442.project4.coffeemaker.CoffeeMakerTest" incomplete="true"/>
      <testcase name="testEditRecipe_2" classname="edu.towson.cis.cosc442.project4.coffeemaker.CoffeeMakerTest" incomplete="true"/>
      <testcase name="testEditRecipe_3" classname="edu.towson.cis.cosc442.project4.coffeemaker.CoffeeMakerTest" incomplete="true"/>
      <testcase name="testEditRecipe_4" classname="edu.towson.cis.cosc442.project4.coffeemaker.CoffeeMakerTest" incomplete="true"/>
      <testcase name="testCoffeeMaker_1" classname="edu.towson.cis.cosc442.project4.coffeemaker.CoffeeMakerTest" incomplete="true"/>
      <testcase name="testCoffeeMaker_2" classname="edu.towson.cis.cosc442.project4.coffeemaker.CoffeeMakerTest" incomplete="true"/>
      <testcase name="testAddInventory_1" classname="edu.towson.cis.cosc442.project4.coffeemaker.CoffeeMakerTest" incomplete="true"/>
      <testcase name="testAddInventory_2" classname="edu.towson.cis.cosc442.project4.coffeemaker.CoffeeMakerTest" incomplete="true"/>
      <testcase name="testAddInventory_3" classname="edu.towson.cis.cosc442.project4.coffeemaker.CoffeeMakerTest" incomplete="true"/>
      <testcase name="testAddInventory_4" classname="edu.towson.cis.cosc442.project4.coffeemaker.CoffeeMakerTest" incomplete="true"/>
      <testcase name="testAddInventory_5" classname="edu.towson.cis.cosc442.project4.coffeemaker.CoffeeMakerTest" incomplete="true"/>
      <testcase name="testDeleteRecipe_1" classname="edu.towson.cis.cosc442.project4.coffeemaker.CoffeeMakerTest" incomplete="true"/>
      <testcase name="testDeleteRecipe_2" classname="edu.towson.cis.cosc442.project4.coffeemaker.CoffeeMakerTest" incomplete="true"/>
      <testcase name="testDeleteRecipe_3" classname="edu.towson.cis.cosc442.project4.coffeemaker.CoffeeMakerTest" incomplete="true"/>
      <testcase name="testDeleteRecipe_4" classname="edu.towson.cis.cosc442.project4.coffeemaker.CoffeeMakerTest" incomplete="true"/>
      <testcase name="testGetRecipeForName_1" classname="edu.towson.cis.cosc442.project4.coffeemaker.CoffeeMakerTest" incomplete="true"/>
      <testcase name="testGetRecipeForName_2" classname="edu.towson.cis.cosc442.project4.coffeemaker.CoffeeMakerTest" incomplete="true"/>
      <testcase name="testGetRecipeForName_3" classname="edu.towson.cis.cosc442.project4.coffeemaker.CoffeeMakerTest" incomplete="true"/>
      <testcase name="testGetRecipeForName_4" classname="edu.towson.cis.cosc442.project4.coffeemaker.CoffeeMakerTest" incomplete="true"/>
      <testcase name="testRecipeExists_1" classname="edu.towson.cis.cosc442.project4.coffeemaker.CoffeeMakerTest" incomplete="true"/>
      <testcase name="testRecipeExists_2" classname="edu.towson.cis.cosc442.project4.coffeemaker.CoffeeMakerTest" incomplete="true"/>
      <testcase name="testRecipeExists_3" classname="edu.towson.cis.cosc442.project4.coffeemaker.CoffeeMakerTest" incomplete="true"/>
      <testcase name="testCheckInventory_1" classname="edu.towson.cis.cosc442.project4.coffeemaker.CoffeeMakerTest" incomplete="true"/>
      <testcase name="testMakeCoffee_1" classname="edu.towson.cis.cosc442.project4.coffeemaker.CoffeeMakerTest" incomplete="true"/>
      <testcase name="testMakeCoffee_2" classname="edu.towson.cis.cosc442.project4.coffeemaker.CoffeeMakerTest" incomplete="true"/>
      <testcase name="testGetRecipes_1" classname="edu.towson.cis.cosc442.project4.coffeemaker.CoffeeMakerTest" incomplete="true"/>
      <testcase name="testAddRecipe_1" classname="edu.towson.cis.cosc442.project4.coffeemaker.CoffeeMakerTest" incomplete="true"/>
      <testcase name="testAddRecipe_2" classname="edu.towson.cis.cosc442.project4.coffeemaker.CoffeeMakerTest" incomplete="true"/>
      <testcase name="testAddRecipe_3" classname="edu.towson.cis.cosc442.project4.coffeemaker.CoffeeMakerTest" incomplete="true"/>
      <testcase name="testAddRecipe_4" classname="edu.towson.cis.cosc442.project4.coffeemaker.CoffeeMakerTest" incomplete="true"/>
    </testsuite>
    <testsuite name="edu.towson.cis.cosc442.project4.coffeemaker.CoffeeMakerAcceptanceTest" time="0.003">
      <testcase name="testAddRecipe1" classname="edu.towson.cis.cosc442.project4.coffeemaker.CoffeeMakerAcceptanceTest" time="0.001">
        <error>java.lang.NullPointerException&#13;
	at edu.towson.cis.cosc442.project4.coffeemaker.CoffeeMakerAcceptanceTest.testAddRecipe1(CoffeeMakerAcceptanceTest.java:55)&#13;
	at sun.reflect.NativeMethodAccessorImpl.invoke0(Native Method)&#13;
	at sun.reflect.NativeMethodAccessorImpl.invoke(Unknown Source)&#13;
	at sun.reflect.DelegatingMethodAccessorImpl.invoke(Unknown Source)&#13;
	at java.lang.reflect.Method.invoke(Unknown Source)&#13;
	at org.junit.runners.model.FrameworkMethod$1.runReflectiveCall(FrameworkMethod.java:50)&#13;
	at org.junit.internal.runners.model.ReflectiveCallable.run(ReflectiveCallable.java:12)&#13;
	at org.junit.runners.model.FrameworkMethod.invokeExplosively(FrameworkMethod.java:47)&#13;
	at org.junit.internal.runners.statements.InvokeMethod.evaluate(InvokeMethod.java:17)&#13;
	at org.junit.runners.ParentRunner.runLeaf(ParentRunner.java:325)&#13;
	at org.junit.runners.BlockJUnit4ClassRunner.runChild(BlockJUnit4ClassRunner.java:78)&#13;
	at org.junit.runners.BlockJUnit4ClassRunner.runChild(BlockJUnit4ClassRunner.java:57)&#13;
	at org.junit.runners.ParentRunner$3.run(ParentRunner.java:290)&#13;
	at org.junit.runners.ParentRunner$1.schedule(ParentRunner.java:71)&#13;
	at org.junit.runners.ParentRunner.runChildren(ParentRunner.java:288)&#13;
	at org.junit.runners.ParentRunner.access$000(ParentRunner.java:58)&#13;
	at org.junit.runners.ParentRunner$2.evaluate(ParentRunner.java:268)&#13;
	at org.junit.runners.ParentRunner.run(ParentRunner.java:363)&#13;
	at org.eclipse.jdt.internal.junit4.runner.JUnit4TestReference.run(JUnit4TestReference.java:50)&#13;
	at org.eclipse.jdt.internal.junit.runner.TestExecution.run(TestExecution.java:38)&#13;
	at org.eclipse.jdt.internal.junit.runner.RemoteTestRunner.runTests(RemoteTestRunner.java:459)&#13;
	at org.eclipse.jdt.internal.junit.runner.RemoteTestRunner.runTests(RemoteTestRunner.java:675)&#13;
	at org.eclipse.jdt.internal.junit.runner.RemoteTestRunner.run(RemoteTestRunner.java:382)&#13;
	at org.eclipse.jdt.internal.junit.runner.RemoteTestRunner.main(RemoteTestRunner.java:192)&#13;
&#13;
java.lang.NullPointerException&#13;
	at edu.towson.cis.cosc442.project4.coffeemaker.CoffeeMakerAcceptanceTest.testAddRecipe1(CoffeeMakerAcceptanceTest.java:55)&#13;
	at sun.reflect.NativeMethodAccessorImpl.invoke0(Native Method)&#13;
	at sun.reflect.NativeMethodAccessorImpl.invoke(Unknown Source)&#13;
	at sun.reflect.DelegatingMethodAccessorImpl.invoke(Unknown Source)&#13;
	at java.lang.reflect.Method.invoke(Unknown Source)&#13;
	at org.junit.runners.model.FrameworkMethod$1.runReflectiveCall(FrameworkMethod.java:50)&#13;
	at org.junit.internal.runners.model.ReflectiveCallable.run(ReflectiveCallable.java:12)&#13;
	at org.junit.runners.model.FrameworkMethod.invokeExplosively(FrameworkMethod.java:47)&#13;
	at org.junit.internal.runners.statements.InvokeMethod.evaluate(InvokeMethod.java:17)&#13;
	at org.junit.runners.ParentRunner.runLeaf(ParentRunner.java:325)&#13;
	at org.junit.runners.BlockJUnit4ClassRunner.runChild(BlockJUnit4ClassRunner.java:78)&#13;
	at org.junit.runners.BlockJUnit4ClassRunner.runChild(BlockJUnit4ClassRunner.java:57)&#13;
	at org.junit.runners.ParentRunner$3.run(ParentRunner.java:290)&#13;
	at org.junit.runners.ParentRunner$1.schedule(ParentRunner.java:71)&#13;
	at org.junit.runners.ParentRunner.runChildren(ParentRunner.java:288)&#13;
	at org.junit.runners.ParentRunner.access$000(ParentRunner.java:58)&#13;
	at org.junit.runners.ParentRunner$2.evaluate(ParentRunner.java:268)&#13;
	at org.junit.runners.ParentRunner.run(ParentRunner.java:363)&#13;
	at org.junit.runners.Suite.runChild(Suite.java:128)&#13;
	at org.junit.runners.Suite.runChild(Suite.java:27)&#13;
	at org.junit.runners.ParentRunner$3.run(ParentRunner.java:290)&#13;
	at org.junit.runners.ParentRunner$1.schedule(ParentRunner.java:71)&#13;
	at org.junit.runners.ParentRunner.runChildren(ParentRunner.java:288)&#13;
	at org.junit.runners.ParentRunner.access$000(ParentRunner.java:58)&#13;
	at org.junit.runners.ParentRunner$2.evaluate(ParentRunner.java:268)&#13;
	at org.junit.runners.ParentRunner.run(ParentRunner.java:363)&#13;
	at org.eclipse.jdt.internal.junit4.runner.JUnit4TestReference.run(JUnit4TestReference.java:50)&#13;
	at org.eclipse.jdt.internal.junit.runner.TestExecution.run(TestExecution.java:38)&#13;
	at org.eclipse.jdt.internal.junit.runner.RemoteTestRunner.runTests(RemoteTestRunner.java:459)&#13;
	at org.eclipse.jdt.internal.junit.runner.RemoteTestRunner.runTests(RemoteTestRunner.java:675)&#13;
	at org.eclipse.jdt.internal.junit.runner.RemoteTestRunner.run(RemoteTestRunner.java:382)&#13;
	at org.eclipse.jdt.internal.junit.runner.RemoteTestRunner.main(RemoteTestRunner.java:192)&#13;
&#13;
</error>
      </testcase>
      <testcase name="testEditRecipe1" classname="edu.towson.cis.cosc442.project4.coffeemaker.CoffeeMakerAcceptanceTest" time="0.003">
        <error>java.lang.NullPointerException&#13;
	at edu.towson.cis.cosc442.project4.coffeemaker.CoffeeMakerAcceptanceTest.testEditRecipe1(CoffeeMakerAcceptanceTest.java:68)&#13;
	at sun.reflect.NativeMethodAccessorImpl.invoke0(Native Method)&#13;
	at sun.reflect.NativeMethodAccessorImpl.invoke(Unknown Source)&#13;
	at sun.reflect.DelegatingMethodAccessorImpl.invoke(Unknown Source)&#13;
	at java.lang.reflect.Method.invoke(Unknown Source)&#13;
	at org.junit.runners.model.FrameworkMethod$1.runReflectiveCall(FrameworkMethod.java:50)&#13;
	at org.junit.internal.runners.model.ReflectiveCallable.run(ReflectiveCallable.java:12)&#13;
	at org.junit.runners.model.FrameworkMethod.invokeExplosively(FrameworkMethod.java:47)&#13;
	at org.junit.internal.runners.statements.InvokeMethod.evaluate(InvokeMethod.java:17)&#13;
	at org.junit.runners.ParentRunner.runLeaf(ParentRunner.java:325)&#13;
	at org.junit.runners.BlockJUnit4ClassRunner.runChild(BlockJUnit4ClassRunner.java:78)&#13;
	at org.junit.runners.BlockJUnit4ClassRunner.runChild(BlockJUnit4ClassRunner.java:57)&#13;
	at org.junit.runners.ParentRunner$3.run(ParentRunner.java:290)&#13;
	at org.junit.runners.ParentRunner$1.schedule(ParentRunner.java:71)&#13;
	at org.junit.runners.ParentRunner.runChildren(ParentRunner.java:288)&#13;
	at org.junit.runners.ParentRunner.access$000(ParentRunner.java:58)&#13;
	at org.junit.runners.ParentRunner$2.evaluate(ParentRunner.java:268)&#13;
	at org.junit.runners.ParentRunner.run(ParentRunner.java:363)&#13;
	at org.eclipse.jdt.internal.junit4.runner.JUnit4TestReference.run(JUnit4TestReference.java:50)&#13;
	at org.eclipse.jdt.internal.junit.runner.TestExecution.run(TestExecution.java:38)&#13;
	at org.eclipse.jdt.internal.junit.runner.RemoteTestRunner.runTests(RemoteTestRunner.java:459)&#13;
	at org.eclipse.jdt.internal.junit.runner.RemoteTestRunner.runTests(RemoteTestRunner.java:675)&#13;
	at org.eclipse.jdt.internal.junit.runner.RemoteTestRunner.run(RemoteTestRunner.java:382)&#13;
	at org.eclipse.jdt.internal.junit.runner.RemoteTestRunner.main(RemoteTestRunner.java:192)&#13;
&#13;
java.lang.NullPointerException&#13;
	at edu.towson.cis.cosc442.project4.coffeemaker.CoffeeMakerAcceptanceTest.testEditRecipe1(CoffeeMakerAcceptanceTest.java:68)&#13;
	at sun.reflect.NativeMethodAccessorImpl.invoke0(Native Method)&#13;
	at sun.reflect.NativeMethodAccessorImpl.invoke(Unknown Source)&#13;
	at sun.reflect.DelegatingMethodAccessorImpl.invoke(Unknown Source)&#13;
	at java.lang.reflect.Method.invoke(Unknown Source)&#13;
	at org.junit.runners.model.FrameworkMethod$1.runReflectiveCall(FrameworkMethod.java:50)&#13;
	at org.junit.internal.runners.model.ReflectiveCallable.run(ReflectiveCallable.java:12)&#13;
	at org.junit.runners.model.FrameworkMethod.invokeExplosively(FrameworkMethod.java:47)&#13;
	at org.junit.internal.runners.statements.InvokeMethod.evaluate(InvokeMethod.java:17)&#13;
	at org.junit.runners.ParentRunner.runLeaf(ParentRunner.java:325)&#13;
	at org.junit.runners.BlockJUnit4ClassRunner.runChild(BlockJUnit4ClassRunner.java:78)&#13;
	at org.junit.runners.BlockJUnit4ClassRunner.runChild(BlockJUnit4ClassRunner.java:57)&#13;
	at org.junit.runners.ParentRunner$3.run(ParentRunner.java:290)&#13;
	at org.junit.runners.ParentRunner$1.schedule(ParentRunner.java:71)&#13;
	at org.junit.runners.ParentRunner.runChildren(ParentRunner.java:288)&#13;
	at org.junit.runners.ParentRunner.access$000(ParentRunner.java:58)&#13;
	at org.junit.runners.ParentRunner$2.evaluate(ParentRunner.java:268)&#13;
	at org.junit.runners.ParentRunner.run(ParentRunner.java:363)&#13;
	at org.junit.runners.Suite.runChild(Suite.java:128)&#13;
	at org.junit.runners.Suite.runChild(Suite.java:27)&#13;
	at org.junit.runners.ParentRunner$3.run(ParentRunner.java:290)&#13;
	at org.junit.runners.ParentRunner$1.schedule(ParentRunner.java:71)&#13;
	at org.junit.runners.ParentRunner.runChildren(ParentRunner.java:288)&#13;
	at org.junit.runners.ParentRunner.access$000(ParentRunner.java:58)&#13;
	at org.junit.runners.ParentRunner$2.evaluate(ParentRunner.java:268)&#13;
	at org.junit.runners.ParentRunner.run(ParentRunner.java:363)&#13;
	at org.eclipse.jdt.internal.junit4.runner.JUnit4TestReference.run(JUnit4TestReference.java:50)&#13;
	at org.eclipse.jdt.internal.junit.runner.TestExecution.run(TestExecution.java:38)&#13;
	at org.eclipse.jdt.internal.junit.runner.RemoteTestRunner.runTests(RemoteTestRunner.java:459)&#13;
	at org.eclipse.jdt.internal.junit.runner.RemoteTestRunner.runTests(RemoteTestRunner.java:675)&#13;
	at org.eclipse.jdt.internal.junit.runner.RemoteTestRunner.run(RemoteTestRunner.java:382)&#13;
	at org.eclipse.jdt.internal.junit.runner.RemoteTestRunner.main(RemoteTestRunner.java:192)&#13;
&#13;
</error>
      </testcase>
      <testcase name="testDeleteRecipe1" classname="edu.towson.cis.cosc442.project4.coffeemaker.CoffeeMakerAcceptanceTest" time="0.002">
        <error>java.lang.NullPointerException&#13;
	at edu.towson.cis.cosc442.project4.coffeemaker.CoffeeMakerAcceptanceTest.testDeleteRecipe1(CoffeeMakerAcceptanceTest.java:91)&#13;
	at sun.reflect.NativeMethodAccessorImpl.invoke0(Native Method)&#13;
	at sun.reflect.NativeMethodAccessorImpl.invoke(Unknown Source)&#13;
	at sun.reflect.DelegatingMethodAccessorImpl.invoke(Unknown Source)&#13;
	at java.lang.reflect.Method.invoke(Unknown Source)&#13;
	at org.junit.runners.model.FrameworkMethod$1.runReflectiveCall(FrameworkMethod.java:50)&#13;
	at org.junit.internal.runners.model.ReflectiveCallable.run(ReflectiveCallable.java:12)&#13;
	at org.junit.runners.model.FrameworkMethod.invokeExplosively(FrameworkMethod.java:47)&#13;
	at org.junit.internal.runners.statements.InvokeMethod.evaluate(InvokeMethod.java:17)&#13;
	at org.junit.runners.ParentRunner.runLeaf(ParentRunner.java:325)&#13;
	at org.junit.runners.BlockJUnit4ClassRunner.runChild(BlockJUnit4ClassRunner.java:78)&#13;
	at org.junit.runners.BlockJUnit4ClassRunner.runChild(BlockJUnit4ClassRunner.java:57)&#13;
	at org.junit.runners.ParentRunner$3.run(ParentRunner.java:290)&#13;
	at org.junit.runners.ParentRunner$1.schedule(ParentRunner.java:71)&#13;
	at org.junit.runners.ParentRunner.runChildren(ParentRunner.java:288)&#13;
	at org.junit.runners.ParentRunner.access$000(ParentRunner.java:58)&#13;
	at org.junit.runners.ParentRunner$2.evaluate(ParentRunner.java:268)&#13;
	at org.junit.runners.ParentRunner.run(ParentRunner.java:363)&#13;
	at org.eclipse.jdt.internal.junit4.runner.JUnit4TestReference.run(JUnit4TestReference.java:50)&#13;
	at org.eclipse.jdt.internal.junit.runner.TestExecution.run(TestExecution.java:38)&#13;
	at org.eclipse.jdt.internal.junit.runner.RemoteTestRunner.runTests(RemoteTestRunner.java:459)&#13;
	at org.eclipse.jdt.internal.junit.runner.RemoteTestRunner.runTests(RemoteTestRunner.java:675)&#13;
	at org.eclipse.jdt.internal.junit.runner.RemoteTestRunner.run(RemoteTestRunner.java:382)&#13;
	at org.eclipse.jdt.internal.junit.runner.RemoteTestRunner.main(RemoteTestRunner.java:192)&#13;
&#13;
java.lang.NullPointerException&#13;
	at edu.towson.cis.cosc442.project4.coffeemaker.CoffeeMakerAcceptanceTest.testDeleteRecipe1(CoffeeMakerAcceptanceTest.java:91)&#13;
	at sun.reflect.NativeMethodAccessorImpl.invoke0(Native Method)&#13;
	at sun.reflect.NativeMethodAccessorImpl.invoke(Unknown Source)&#13;
	at sun.reflect.DelegatingMethodAccessorImpl.invoke(Unknown Source)&#13;
	at java.lang.reflect.Method.invoke(Unknown Source)&#13;
	at org.junit.runners.model.FrameworkMethod$1.runReflectiveCall(FrameworkMethod.java:50)&#13;
	at org.junit.internal.runners.model.ReflectiveCallable.run(ReflectiveCallable.java:12)&#13;
	at org.junit.runners.model.FrameworkMethod.invokeExplosively(FrameworkMethod.java:47)&#13;
	at org.junit.internal.runners.statements.InvokeMethod.evaluate(InvokeMethod.java:17)&#13;
	at org.junit.runners.ParentRunner.runLeaf(ParentRunner.java:325)&#13;
	at org.junit.runners.BlockJUnit4ClassRunner.runChild(BlockJUnit4ClassRunner.java:78)&#13;
	at org.junit.runners.BlockJUnit4ClassRunner.runChild(BlockJUnit4ClassRunner.java:57)&#13;
	at org.junit.runners.ParentRunner$3.run(ParentRunner.java:290)&#13;
	at org.junit.runners.ParentRunner$1.schedule(ParentRunner.java:71)&#13;
	at org.junit.runners.ParentRunner.runChildren(ParentRunner.java:288)&#13;
	at org.junit.runners.ParentRunner.access$000(ParentRunner.java:58)&#13;
	at org.junit.runners.ParentRunner$2.evaluate(ParentRunner.java:268)&#13;
	at org.junit.runners.ParentRunner.run(ParentRunner.java:363)&#13;
	at org.junit.runners.Suite.runChild(Suite.java:128)&#13;
	at org.junit.runners.Suite.runChild(Suite.java:27)&#13;
	at org.junit.runners.ParentRunner$3.run(ParentRunner.java:290)&#13;
	at org.junit.runners.ParentRunner$1.schedule(ParentRunner.java:71)&#13;
	at org.junit.runners.ParentRunner.runChildren(ParentRunner.java:288)&#13;
	at org.junit.runners.ParentRunner.access$000(ParentRunner.java:58)&#13;
	at org.junit.runners.ParentRunner$2.evaluate(ParentRunner.java:268)&#13;
	at org.junit.runners.ParentRunner.run(ParentRunner.java:363)&#13;
	at org.eclipse.jdt.internal.junit4.runner.JUnit4TestReference.run(JUnit4TestReference.java:50)&#13;
	at org.eclipse.jdt.internal.junit.runner.TestExecution.run(TestExecution.java:38)&#13;
	at org.eclipse.jdt.internal.junit.runner.RemoteTestRunner.runTests(RemoteTestRunner.java:459)&#13;
	at org.eclipse.jdt.internal.junit.runner.RemoteTestRunner.runTests(RemoteTestRunner.java:675)&#13;
	at org.eclipse.jdt.internal.junit.runner.RemoteTestRunner.run(RemoteTestRunner.java:382)&#13;
	at org.eclipse.jdt.internal.junit.runner.RemoteTestRunner.main(RemoteTestRunner.java:192)&#13;
&#13;
</error>
      </testcase>
    </testsuite>
    <testsuite name="edu.towson.cis.cosc442.project4.coffeemaker.RecipeTest" time="0.001">
      <testcase name="testSetAmtMilk_1" classname="edu.towson.cis.cosc442.project4.coffeemaker.RecipeTest" time="0.001"/>
      <testcase name="testSetAmtMilk_2" classname="edu.towson.cis.cosc442.project4.coffeemaker.RecipeTest" time="0.001"/>
      <testcase name="testSetAmtCoffee_1" classname="edu.towson.cis.cosc442.project4.coffeemaker.RecipeTest" time="0.0"/>
      <testcase name="testSetAmtCoffee_2" classname="edu.towson.cis.cosc442.project4.coffeemaker.RecipeTest" time="0.002"/>
      <testcase name="testGetAmtCoffee_1" classname="edu.towson.cis.cosc442.project4.coffeemaker.RecipeTest" time="0.0"/>
      <testcase name="testGetPrice_1" classname="edu.towson.cis.cosc442.project4.coffeemaker.RecipeTest" time="0.001"/>
      <testcase name="testGetAmtSugar_1" classname="edu.towson.cis.cosc442.project4.coffeemaker.RecipeTest" time="0.001"/>
      <testcase name="testGetAmtMilk_1" classname="edu.towson.cis.cosc442.project4.coffeemaker.RecipeTest" time="0.009"/>
      <testcase name="testSetAmtChocolate_1" classname="edu.towson.cis.cosc442.project4.coffeemaker.RecipeTest" time="0.001"/>
      <testcase name="testSetAmtChocolate_2" classname="edu.towson.cis.cosc442.project4.coffeemaker.RecipeTest" time="0.0"/>
      <testcase name="testToString_1" classname="edu.towson.cis.cosc442.project4.coffeemaker.RecipeTest" time="0.002"/>
      <testcase name="testSetName_1" classname="edu.towson.cis.cosc442.project4.coffeemaker.RecipeTest" time="0.001"/>
      <testcase name="testSetAmtSugar_1" classname="edu.towson.cis.cosc442.project4.coffeemaker.RecipeTest" time="0.0"/>
      <testcase name="testSetAmtSugar_2" classname="edu.towson.cis.cosc442.project4.coffeemaker.RecipeTest" time="0.001"/>
      <testcase name="testEquals_1" classname="edu.towson.cis.cosc442.project4.coffeemaker.RecipeTest" time="0.0"/>
      <testcase name="testEquals_2" classname="edu.towson.cis.cosc442.project4.coffeemaker.RecipeTest" time="0.003"/>
      <testcase name="testEquals_3" classname="edu.towson.cis.cosc442.project4.coffeemaker.RecipeTest" time="0.001"/>
      <testcase name="testGetName_1" classname="edu.towson.cis.cosc442.project4.coffeemaker.RecipeTest" time="0.0"/>
      <testcase name="testGetAmtChocolate_1" classname="edu.towson.cis.cosc442.project4.coffeemaker.RecipeTest" time="0.0"/>
      <testcase name="testSetPrice_1" classname="edu.towson.cis.cosc442.project4.coffeemaker.RecipeTest" time="0.003"/>
      <testcase name="testSetPrice_2" classname="edu.towson.cis.cosc442.project4.coffeemaker.RecipeTest" time="0.002"/>
    </testsuite>
  </testsuite>
  <testsuite name="edu.towson.cis.cosc442.project4.coffeemaker.CoffeeMakerTest" time="0.009">
    <testcase name="testEditRecipe_1" classname="edu.towson.cis.cosc442.project4.coffeemaker.CoffeeMakerTest" time="0.0"/>
    <testcase name="testEditRecipe_2" classname="edu.towson.cis.cosc442.project4.coffeemaker.CoffeeMakerTest" time="0.001"/>
    <testcase name="testEditRecipe_3" classname="edu.towson.cis.cosc442.project4.coffeemaker.CoffeeMakerTest" time="0.0"/>
    <testcase name="testEditRecipe_4" classname="edu.towson.cis.cosc442.project4.coffeemaker.CoffeeMakerTest" time="0.001"/>
    <testcase name="testCoffeeMaker_1" classname="edu.towson.cis.cosc442.project4.coffeemaker.CoffeeMakerTest" time="0.0"/>
    <testcase name="testCoffeeMaker_2" classname="edu.towson.cis.cosc442.project4.coffeemaker.CoffeeMakerTest" time="0.001"/>
    <testcase name="testAddInventory_1" classname="edu.towson.cis.cosc442.project4.coffeemaker.CoffeeMakerTest" time="0.0"/>
    <testcase name="testAddInventory_2" classname="edu.towson.cis.cosc442.project4.coffeemaker.CoffeeMakerTest" time="0.001"/>
    <testcase name="testAddInventory_3" classname="edu.towson.cis.cosc442.project4.coffeemaker.CoffeeMakerTest" time="0.001"/>
    <testcase name="testAddInventory_4" classname="edu.towson.cis.cosc442.project4.coffeemaker.CoffeeMakerTest" time="0.0"/>
    <testcase name="testAddInventory_5" classname="edu.towson.cis.cosc442.project4.coffeemaker.CoffeeMakerTest" time="0.001"/>
    <testcase name="testDeleteRecipe_1" classname="edu.towson.cis.cosc442.project4.coffeemaker.CoffeeMakerTest" time="0.001"/>
    <testcase name="testDeleteRecipe_2" classname="edu.towson.cis.cosc442.project4.coffeemaker.CoffeeMakerTest" time="0.0"/>
    <testcase name="testDeleteRecipe_3" classname="edu.towson.cis.cosc442.project4.coffeemaker.CoffeeMakerTest" time="0.001"/>
    <testcase name="testDeleteRecipe_4" classname="edu.towson.cis.cosc442.project4.coffeemaker.CoffeeMakerTest" time="0.0"/>
    <testcase name="testGetRecipeForName_1" classname="edu.towson.cis.cosc442.project4.coffeemaker.CoffeeMakerTest" time="0.001"/>
    <testcase name="testGetRecipeForName_2" classname="edu.towson.cis.cosc442.project4.coffeemaker.CoffeeMakerTest" time="0.0"/>
    <testcase name="testGetRecipeForName_3" classname="edu.towson.cis.cosc442.project4.coffeemaker.CoffeeMakerTest" time="0.001"/>
    <testcase name="testGetRecipeForName_4" classname="edu.towson.cis.cosc442.project4.coffeemaker.CoffeeMakerTest" time="0.0"/>
    <testcase name="testRecipeExists_1" classname="edu.towson.cis.cosc442.project4.coffeemaker.CoffeeMakerTest" time="0.001"/>
    <testcase name="testRecipeExists_2" classname="edu.towson.cis.cosc442.project4.coffeemaker.CoffeeMakerTest" time="0.0"/>
    <testcase name="testRecipeExists_3" classname="edu.towson.cis.cosc442.project4.coffeemaker.CoffeeMakerTest" time="0.001"/>
    <testcase name="testCheckInventory_1" classname="edu.towson.cis.cosc442.project4.coffeemaker.CoffeeMakerTest" time="0.001"/>
    <testcase name="testMakeCoffee_1" classname="edu.towson.cis.cosc442.project4.coffeemaker.CoffeeMakerTest" time="0.003"/>
    <testcase name="testMakeCoffee_2" classname="edu.towson.cis.cosc442.project4.coffeemaker.CoffeeMakerTest" time="0.0"/>
    <testcase name="testGetRecipes_1" classname="edu.towson.cis.cosc442.project4.coffeemaker.CoffeeMakerTest" time="0.001"/>
    <testcase name="testAddRecipe_1" classname="edu.towson.cis.cosc442.project4.coffeemaker.CoffeeMakerTest" time="0.0"/>
    <testcase name="testAddRecipe_2" classname="edu.towson.cis.cosc442.project4.coffeemaker.CoffeeMakerTest" time="0.001"/>
    <testcase name="testAddRecipe_3" classname="edu.towson.cis.cosc442.project4.coffeemaker.CoffeeMakerTest" time="0.0"/>
    <testcase name="testAddRecipe_4" classname="edu.towson.cis.cosc442.project4.coffeemaker.CoffeeMakerTest" time="0.0"/>
  </testsuite>
</testrun>
